<?xml version="1.0" encoding="UTF-8"?>
<!-- Generated by org.testng.reporters.JUnitReportReporter -->
<testsuite hostname="LAPTOP-INQHA09L" failures="0" tests="1" name="com.tests.BuilderPatternUsingLombak" time="3.447" errors="0" timestamp="2022-04-06T14:48:08 IST" skipped="0">
  <testcase classname="com.tests.BuilderPatternUsingLombak" name="postJsonUsingBuilderTest" time="3.447"/>
  <system-out/>
</testsuite> <!-- com.tests.BuilderPatternUsingLombak -->
